{"/Users/home/Documents/dev/blog_playground/src/app.js": {"path":"/Users/home/Documents/dev/blog_playground/src/app.js","statementMap":{"0":{"start":{"line":1,"column":16},"end":{"line":1,"column":34}},"1":{"start":{"line":2,"column":13},"end":{"line":2,"column":28}},"2":{"start":{"line":3,"column":15},"end":{"line":3,"column":34}},"3":{"start":{"line":4,"column":25},"end":{"line":4,"column":53}},"4":{"start":{"line":5,"column":0},"end":{"line":5,"column":26}},"5":{"start":{"line":7,"column":12},"end":{"line":7,"column":21}},"6":{"start":{"line":9,"column":0},"end":{"line":9,"column":23}},"7":{"start":{"line":12,"column":0},"end":{"line":12,"column":68}},"8":{"start":{"line":13,"column":0},"end":{"line":13,"column":15}},"9":{"start":{"line":15,"column":0},"end":{"line":18,"column":2}},"10":{"start":{"line":16,"column":2},"end":{"line":16,"column":20}},"11":{"start":{"line":17,"column":2},"end":{"line":17,"column":58}},"12":{"start":{"line":20,"column":0},"end":{"line":20,"column":20}}},"fnMap":{"0":{"name":"(anonymous_0)","decl":{"start":{"line":15,"column":8},"end":{"line":15,"column":9}},"loc":{"start":{"line":15,"column":34},"end":{"line":18,"column":1}},"line":15}},"branchMap":{},"s":{"0":1,"1":1,"2":1,"3":1,"4":1,"5":1,"6":1,"7":1,"8":1,"9":1,"10":0,"11":0,"12":1},"f":{"0":0},"b":{},"_coverageSchema":"1a1c01bbd47fc00a2c39e90264f33305004495a9","hash":"8d27eb3c84260948185ca1e7673bf2e8bc657e7a"}
,"/Users/home/Documents/dev/blog_playground/src/controllers/postController.js": {"path":"/Users/home/Documents/dev/blog_playground/src/controllers/postController.js","statementMap":{"0":{"start":{"line":1,"column":19},"end":{"line":1,"column":44}},"1":{"start":{"line":2,"column":15},"end":{"line":2,"column":39}},"2":{"start":{"line":3,"column":24},"end":{"line":3,"column":50}},"3":{"start":{"line":6,"column":39},"end":{"line":6,"column":53}},"4":{"start":{"line":8,"column":2},"end":{"line":10,"column":3}},"5":{"start":{"line":9,"column":4},"end":{"line":9,"column":87}},"6":{"start":{"line":12,"column":25},"end":{"line":12,"column":41}},"7":{"start":{"line":13,"column":2},"end":{"line":15,"column":3}},"8":{"start":{"line":14,"column":4},"end":{"line":14,"column":72}},"9":{"start":{"line":17,"column":23},"end":{"line":20,"column":4}},"10":{"start":{"line":22,"column":2},"end":{"line":24,"column":3}},"11":{"start":{"line":23,"column":4},"end":{"line":23,"column":63}},"12":{"start":{"line":26,"column":15},"end":{"line":37,"column":4}},"13":{"start":{"line":39,"column":2},"end":{"line":39,"column":79}},"14":{"start":{"line":41,"column":2},"end":{"line":41,"column":29}},"15":{"start":{"line":45,"column":16},"end":{"line":52,"column":4}},"16":{"start":{"line":54,"column":17},"end":{"line":65,"column":5}},"17":{"start":{"line":54,"column":38},"end":{"line":65,"column":3}},"18":{"start":{"line":67,"column":2},"end":{"line":67,"column":19}},"19":{"start":{"line":71,"column":13},"end":{"line":71,"column":34}},"20":{"start":{"line":72,"column":2},"end":{"line":74,"column":3}},"21":{"start":{"line":73,"column":4},"end":{"line":73,"column":71}},"22":{"start":{"line":76,"column":15},"end":{"line":83,"column":4}},"23":{"start":{"line":85,"column":2},"end":{"line":87,"column":3}},"24":{"start":{"line":86,"column":4},"end":{"line":86,"column":61}},"25":{"start":{"line":89,"column":2},"end":{"line":96,"column":5}},"26":{"start":{"line":100,"column":13},"end":{"line":100,"column":34}},"27":{"start":{"line":101,"column":2},"end":{"line":103,"column":3}},"28":{"start":{"line":102,"column":4},"end":{"line":102,"column":71}},"29":{"start":{"line":105,"column":29},"end":{"line":105,"column":43}},"30":{"start":{"line":107,"column":2},"end":{"line":109,"column":3}},"31":{"start":{"line":108,"column":4},"end":{"line":108,"column":81}},"32":{"start":{"line":111,"column":2},"end":{"line":131,"column":3}},"33":{"start":{"line":112,"column":17},"end":{"line":123,"column":6}},"34":{"start":{"line":125,"column":4},"end":{"line":125,"column":19}},"35":{"start":{"line":127,"column":4},"end":{"line":129,"column":5}},"36":{"start":{"line":128,"column":6},"end":{"line":128,"column":63}},"37":{"start":{"line":130,"column":4},"end":{"line":130,"column":16}},"38":{"start":{"line":135,"column":13},"end":{"line":135,"column":34}},"39":{"start":{"line":136,"column":2},"end":{"line":138,"column":3}},"40":{"start":{"line":137,"column":4},"end":{"line":137,"column":71}},"41":{"start":{"line":140,"column":2},"end":{"line":153,"column":3}},"42":{"start":{"line":141,"column":20},"end":{"line":143,"column":6}},"43":{"start":{"line":145,"column":4},"end":{"line":145,"column":87}},"44":{"start":{"line":147,"column":4},"end":{"line":147,"column":55}},"45":{"start":{"line":149,"column":4},"end":{"line":151,"column":5}},"46":{"start":{"line":150,"column":6},"end":{"line":150,"column":63}},"47":{"start":{"line":152,"column":4},"end":{"line":152,"column":16}},"48":{"start":{"line":156,"column":0},"end":{"line":162,"column":2}}},"fnMap":{"0":{"name":"createPost","decl":{"start":{"line":5,"column":15},"end":{"line":5,"column":25}},"loc":{"start":{"line":5,"column":36},"end":{"line":42,"column":1}},"line":5},"1":{"name":"listPosts","decl":{"start":{"line":44,"column":15},"end":{"line":44,"column":24}},"loc":{"start":{"line":44,"column":36},"end":{"line":68,"column":1}},"line":44},"2":{"name":"(anonymous_2)","decl":{"start":{"line":54,"column":27},"end":{"line":54,"column":28}},"loc":{"start":{"line":54,"column":38},"end":{"line":65,"column":3}},"line":54},"3":{"name":"getPostById","decl":{"start":{"line":70,"column":15},"end":{"line":70,"column":26}},"loc":{"start":{"line":70,"column":37},"end":{"line":97,"column":1}},"line":70},"4":{"name":"updatePost","decl":{"start":{"line":99,"column":15},"end":{"line":99,"column":25}},"loc":{"start":{"line":99,"column":36},"end":{"line":132,"column":1}},"line":99},"5":{"name":"deletePost","decl":{"start":{"line":134,"column":15},"end":{"line":134,"column":25}},"loc":{"start":{"line":134,"column":36},"end":{"line":154,"column":1}},"line":134}},"branchMap":{"0":{"loc":{"start":{"line":6,"column":39},"end":{"line":6,"column":53}},"type":"binary-expr","locations":[{"start":{"line":6,"column":39},"end":{"line":6,"column":47}},{"start":{"line":6,"column":51},"end":{"line":6,"column":53}}],"line":6},"1":{"loc":{"start":{"line":8,"column":2},"end":{"line":10,"column":3}},"type":"if","locations":[{"start":{"line":8,"column":2},"end":{"line":10,"column":3}},{"start":{},"end":{}}],"line":8},"2":{"loc":{"start":{"line":8,"column":6},"end":{"line":8,"column":37}},"type":"binary-expr","locations":[{"start":{"line":8,"column":6},"end":{"line":8,"column":12}},{"start":{"line":8,"column":16},"end":{"line":8,"column":24}},{"start":{"line":8,"column":28},"end":{"line":8,"column":37}}],"line":8},"3":{"loc":{"start":{"line":13,"column":2},"end":{"line":15,"column":3}},"type":"if","locations":[{"start":{"line":13,"column":2},"end":{"line":15,"column":3}},{"start":{},"end":{}}],"line":13},"4":{"loc":{"start":{"line":22,"column":2},"end":{"line":24,"column":3}},"type":"if","locations":[{"start":{"line":22,"column":2},"end":{"line":24,"column":3}},{"start":{},"end":{}}],"line":22},"5":{"loc":{"start":{"line":72,"column":2},"end":{"line":74,"column":3}},"type":"if","locations":[{"start":{"line":72,"column":2},"end":{"line":74,"column":3}},{"start":{},"end":{}}],"line":72},"6":{"loc":{"start":{"line":85,"column":2},"end":{"line":87,"column":3}},"type":"if","locations":[{"start":{"line":85,"column":2},"end":{"line":87,"column":3}},{"start":{},"end":{}}],"line":85},"7":{"loc":{"start":{"line":101,"column":2},"end":{"line":103,"column":3}},"type":"if","locations":[{"start":{"line":101,"column":2},"end":{"line":103,"column":3}},{"start":{},"end":{}}],"line":101},"8":{"loc":{"start":{"line":105,"column":29},"end":{"line":105,"column":43}},"type":"binary-expr","locations":[{"start":{"line":105,"column":29},"end":{"line":105,"column":37}},{"start":{"line":105,"column":41},"end":{"line":105,"column":43}}],"line":105},"9":{"loc":{"start":{"line":107,"column":2},"end":{"line":109,"column":3}},"type":"if","locations":[{"start":{"line":107,"column":2},"end":{"line":109,"column":3}},{"start":{},"end":{}}],"line":107},"10":{"loc":{"start":{"line":107,"column":6},"end":{"line":107,"column":24}},"type":"binary-expr","locations":[{"start":{"line":107,"column":6},"end":{"line":107,"column":12}},{"start":{"line":107,"column":16},"end":{"line":107,"column":24}}],"line":107},"11":{"loc":{"start":{"line":115,"column":12},"end":{"line":115,"column":34}},"type":"cond-expr","locations":[{"start":{"line":115,"column":20},"end":{"line":115,"column":29}},{"start":{"line":115,"column":32},"end":{"line":115,"column":34}}],"line":115},"12":{"loc":{"start":{"line":116,"column":12},"end":{"line":116,"column":38}},"type":"cond-expr","locations":[{"start":{"line":116,"column":22},"end":{"line":116,"column":33}},{"start":{"line":116,"column":36},"end":{"line":116,"column":38}}],"line":116},"13":{"loc":{"start":{"line":127,"column":4},"end":{"line":129,"column":5}},"type":"if","locations":[{"start":{"line":127,"column":4},"end":{"line":129,"column":5}},{"start":{},"end":{}}],"line":127},"14":{"loc":{"start":{"line":127,"column":8},"end":{"line":127,"column":87}},"type":"binary-expr","locations":[{"start":{"line":127,"column":8},"end":{"line":127,"column":61}},{"start":{"line":127,"column":65},"end":{"line":127,"column":87}}],"line":127},"15":{"loc":{"start":{"line":136,"column":2},"end":{"line":138,"column":3}},"type":"if","locations":[{"start":{"line":136,"column":2},"end":{"line":138,"column":3}},{"start":{},"end":{}}],"line":136},"16":{"loc":{"start":{"line":149,"column":4},"end":{"line":151,"column":5}},"type":"if","locations":[{"start":{"line":149,"column":4},"end":{"line":151,"column":5}},{"start":{},"end":{}}],"line":149},"17":{"loc":{"start":{"line":149,"column":8},"end":{"line":149,"column":87}},"type":"binary-expr","locations":[{"start":{"line":149,"column":8},"end":{"line":149,"column":61}},{"start":{"line":149,"column":65},"end":{"line":149,"column":87}}],"line":149}},"s":{"0":1,"1":1,"2":1,"3":0,"4":0,"5":0,"6":0,"7":0,"8":0,"9":0,"10":0,"11":0,"12":0,"13":0,"14":0,"15":0,"16":0,"17":0,"18":0,"19":0,"20":0,"21":0,"22":0,"23":0,"24":0,"25":0,"26":0,"27":0,"28":0,"29":0,"30":0,"31":0,"32":0,"33":0,"34":0,"35":0,"36":0,"37":0,"38":0,"39":0,"40":0,"41":0,"42":0,"43":0,"44":0,"45":0,"46":0,"47":0,"48":1},"f":{"0":0,"1":0,"2":0,"3":0,"4":0,"5":0},"b":{"0":[0,0],"1":[0,0],"2":[0,0,0],"3":[0,0],"4":[0,0],"5":[0,0],"6":[0,0],"7":[0,0],"8":[0,0],"9":[0,0],"10":[0,0],"11":[0,0],"12":[0,0],"13":[0,0],"14":[0,0],"15":[0,0],"16":[0,0],"17":[0,0]},"_coverageSchema":"1a1c01bbd47fc00a2c39e90264f33305004495a9","hash":"678e9a049f6550c9dbe63147e0a135ee9996bda1"}
,"/Users/home/Documents/dev/blog_playground/src/controllers/userController.js": {"path":"/Users/home/Documents/dev/blog_playground/src/controllers/userController.js","statementMap":{"0":{"start":{"line":1,"column":15},"end":{"line":1,"column":39}},"1":{"start":{"line":2,"column":12},"end":{"line":2,"column":35}},"2":{"start":{"line":3,"column":15},"end":{"line":3,"column":32}},"3":{"start":{"line":4,"column":0},"end":{"line":4,"column":26}},"4":{"start":{"line":6,"column":22},"end":{"line":6,"column":39}},"5":{"start":{"line":9,"column":40},"end":{"line":9,"column":54}},"6":{"start":{"line":11,"column":2},"end":{"line":15,"column":3}},"7":{"start":{"line":12,"column":4},"end":{"line":14,"column":6}},"8":{"start":{"line":17,"column":24},"end":{"line":17,"column":84}},"9":{"start":{"line":18,"column":2},"end":{"line":20,"column":3}},"10":{"start":{"line":19,"column":4},"end":{"line":19,"column":78}},"11":{"start":{"line":22,"column":19},"end":{"line":25,"column":4}},"12":{"start":{"line":27,"column":2},"end":{"line":31,"column":3}},"13":{"start":{"line":28,"column":4},"end":{"line":30,"column":61}},"14":{"start":{"line":34,"column":2},"end":{"line":39,"column":3}},"15":{"start":{"line":35,"column":4},"end":{"line":35,"column":52}},"16":{"start":{"line":37,"column":4},"end":{"line":37,"column":49}},"17":{"start":{"line":38,"column":4},"end":{"line":38,"column":67}},"18":{"start":{"line":41,"column":15},"end":{"line":44,"column":4}},"19":{"start":{"line":46,"column":2},"end":{"line":46,"column":28}},"20":{"start":{"line":50,"column":13},"end":{"line":50,"column":34}},"21":{"start":{"line":51,"column":2},"end":{"line":53,"column":3}},"22":{"start":{"line":52,"column":4},"end":{"line":52,"column":70}},"23":{"start":{"line":55,"column":15},"end":{"line":58,"column":4}},"24":{"start":{"line":60,"column":2},"end":{"line":62,"column":3}},"25":{"start":{"line":61,"column":4},"end":{"line":61,"column":60}},"26":{"start":{"line":64,"column":2},"end":{"line":64,"column":16}},"27":{"start":{"line":68,"column":15},"end":{"line":68,"column":60}},"28":{"start":{"line":69,"column":15},"end":{"line":69,"column":58}},"29":{"start":{"line":71,"column":2},"end":{"line":78,"column":3}},"30":{"start":{"line":75,"column":4},"end":{"line":77,"column":64}},"31":{"start":{"line":80,"column":16},"end":{"line":92,"column":4}},"32":{"start":{"line":94,"column":2},"end":{"line":94,"column":17}},"33":{"start":{"line":98,"column":33},"end":{"line":98,"column":47}},"34":{"start":{"line":100,"column":2},"end":{"line":104,"column":3}},"35":{"start":{"line":101,"column":4},"end":{"line":103,"column":69}},"36":{"start":{"line":107,"column":13},"end":{"line":111,"column":4}},"37":{"start":{"line":113,"column":2},"end":{"line":115,"column":3}},"38":{"start":{"line":114,"column":4},"end":{"line":114,"column":60}},"39":{"start":{"line":117,"column":18},"end":{"line":117,"column":63}},"40":{"start":{"line":118,"column":2},"end":{"line":120,"column":3}},"41":{"start":{"line":119,"column":4},"end":{"line":119,"column":67}},"42":{"start":{"line":122,"column":18},"end":{"line":126,"column":3}},"43":{"start":{"line":128,"column":2},"end":{"line":135,"column":4}},"44":{"start":{"line":129,"column":4},"end":{"line":132,"column":5}},"45":{"start":{"line":130,"column":6},"end":{"line":130,"column":50}},"46":{"start":{"line":131,"column":6},"end":{"line":131,"column":68}},"47":{"start":{"line":134,"column":4},"end":{"line":134,"column":65}},"48":{"start":{"line":138,"column":0},"end":{"line":143,"column":1}}},"fnMap":{"0":{"name":"createUser","decl":{"start":{"line":8,"column":15},"end":{"line":8,"column":25}},"loc":{"start":{"line":8,"column":36},"end":{"line":47,"column":1}},"line":8},"1":{"name":"getUserById","decl":{"start":{"line":49,"column":15},"end":{"line":49,"column":26}},"loc":{"start":{"line":49,"column":37},"end":{"line":65,"column":1}},"line":49},"2":{"name":"getUsers","decl":{"start":{"line":67,"column":15},"end":{"line":67,"column":23}},"loc":{"start":{"line":67,"column":34},"end":{"line":95,"column":1}},"line":67},"3":{"name":"loginUser","decl":{"start":{"line":97,"column":15},"end":{"line":97,"column":24}},"loc":{"start":{"line":97,"column":35},"end":{"line":136,"column":1}},"line":97},"4":{"name":"(anonymous_4)","decl":{"start":{"line":128,"column":65},"end":{"line":128,"column":66}},"loc":{"start":{"line":128,"column":81},"end":{"line":135,"column":3}},"line":128}},"branchMap":{"0":{"loc":{"start":{"line":9,"column":40},"end":{"line":9,"column":54}},"type":"binary-expr","locations":[{"start":{"line":9,"column":40},"end":{"line":9,"column":48}},{"start":{"line":9,"column":52},"end":{"line":9,"column":54}}],"line":9},"1":{"loc":{"start":{"line":11,"column":2},"end":{"line":15,"column":3}},"type":"if","locations":[{"start":{"line":11,"column":2},"end":{"line":15,"column":3}},{"start":{},"end":{}}],"line":11},"2":{"loc":{"start":{"line":11,"column":6},"end":{"line":11,"column":38}},"type":"binary-expr","locations":[{"start":{"line":11,"column":6},"end":{"line":11,"column":15}},{"start":{"line":11,"column":19},"end":{"line":11,"column":25}},{"start":{"line":11,"column":29},"end":{"line":11,"column":38}}],"line":11},"3":{"loc":{"start":{"line":17,"column":24},"end":{"line":17,"column":84}},"type":"cond-expr","locations":[{"start":{"line":17,"column":40},"end":{"line":17,"column":75}},{"start":{"line":17,"column":78},"end":{"line":17,"column":84}}],"line":17},"4":{"loc":{"start":{"line":18,"column":2},"end":{"line":20,"column":3}},"type":"if","locations":[{"start":{"line":18,"column":2},"end":{"line":20,"column":3}},{"start":{},"end":{}}],"line":18},"5":{"loc":{"start":{"line":27,"column":2},"end":{"line":31,"column":3}},"type":"if","locations":[{"start":{"line":27,"column":2},"end":{"line":31,"column":3}},{"start":{},"end":{}}],"line":27},"6":{"loc":{"start":{"line":51,"column":2},"end":{"line":53,"column":3}},"type":"if","locations":[{"start":{"line":51,"column":2},"end":{"line":53,"column":3}},{"start":{},"end":{}}],"line":51},"7":{"loc":{"start":{"line":60,"column":2},"end":{"line":62,"column":3}},"type":"if","locations":[{"start":{"line":60,"column":2},"end":{"line":62,"column":3}},{"start":{},"end":{}}],"line":60},"8":{"loc":{"start":{"line":68,"column":15},"end":{"line":68,"column":60}},"type":"cond-expr","locations":[{"start":{"line":68,"column":32},"end":{"line":68,"column":54}},{"start":{"line":68,"column":57},"end":{"line":68,"column":60}}],"line":68},"9":{"loc":{"start":{"line":69,"column":15},"end":{"line":69,"column":58}},"type":"cond-expr","locations":[{"start":{"line":69,"column":32},"end":{"line":69,"column":54}},{"start":{"line":69,"column":57},"end":{"line":69,"column":58}}],"line":69},"10":{"loc":{"start":{"line":71,"column":2},"end":{"line":78,"column":3}},"type":"if","locations":[{"start":{"line":71,"column":2},"end":{"line":78,"column":3}},{"start":{},"end":{}}],"line":71},"11":{"loc":{"start":{"line":72,"column":4},"end":{"line":73,"column":56}},"type":"binary-expr","locations":[{"start":{"line":72,"column":5},"end":{"line":72,"column":19}},{"start":{"line":72,"column":24},"end":{"line":72,"column":42}},{"start":{"line":72,"column":46},"end":{"line":72,"column":55}},{"start":{"line":73,"column":5},"end":{"line":73,"column":19}},{"start":{"line":73,"column":24},"end":{"line":73,"column":42}},{"start":{"line":73,"column":46},"end":{"line":73,"column":54}}],"line":72},"12":{"loc":{"start":{"line":98,"column":33},"end":{"line":98,"column":47}},"type":"binary-expr","locations":[{"start":{"line":98,"column":33},"end":{"line":98,"column":41}},{"start":{"line":98,"column":45},"end":{"line":98,"column":47}}],"line":98},"13":{"loc":{"start":{"line":100,"column":2},"end":{"line":104,"column":3}},"type":"if","locations":[{"start":{"line":100,"column":2},"end":{"line":104,"column":3}},{"start":{},"end":{}}],"line":100},"14":{"loc":{"start":{"line":100,"column":6},"end":{"line":100,"column":28}},"type":"binary-expr","locations":[{"start":{"line":100,"column":6},"end":{"line":100,"column":15}},{"start":{"line":100,"column":19},"end":{"line":100,"column":28}}],"line":100},"15":{"loc":{"start":{"line":113,"column":2},"end":{"line":115,"column":3}},"type":"if","locations":[{"start":{"line":113,"column":2},"end":{"line":115,"column":3}},{"start":{},"end":{}}],"line":113},"16":{"loc":{"start":{"line":118,"column":2},"end":{"line":120,"column":3}},"type":"if","locations":[{"start":{"line":118,"column":2},"end":{"line":120,"column":3}},{"start":{},"end":{}}],"line":118},"17":{"loc":{"start":{"line":129,"column":4},"end":{"line":132,"column":5}},"type":"if","locations":[{"start":{"line":129,"column":4},"end":{"line":132,"column":5}},{"start":{},"end":{}}],"line":129}},"s":{"0":1,"1":1,"2":1,"3":1,"4":1,"5":1,"6":1,"7":0,"8":1,"9":1,"10":0,"11":1,"12":1,"13":1,"14":0,"15":0,"16":0,"17":0,"18":0,"19":0,"20":0,"21":0,"22":0,"23":0,"24":0,"25":0,"26":0,"27":0,"28":0,"29":0,"30":0,"31":0,"32":0,"33":1,"34":1,"35":0,"36":1,"37":1,"38":0,"39":1,"40":1,"41":0,"42":1,"43":1,"44":1,"45":0,"46":0,"47":1,"48":1},"f":{"0":1,"1":0,"2":0,"3":1,"4":1},"b":{"0":[1,0],"1":[0,1],"2":[1,1,1],"3":[0,1],"4":[0,1],"5":[1,0],"6":[0,0],"7":[0,0],"8":[0,0],"9":[0,0],"10":[0,0],"11":[0,0,0,0,0,0],"12":[1,0],"13":[0,1],"14":[1,1],"15":[0,1],"16":[0,1],"17":[0,1]},"_coverageSchema":"1a1c01bbd47fc00a2c39e90264f33305004495a9","hash":"18957714f9a2e0133dd20cb885414bb73b2ea108"}
,"/Users/home/Documents/dev/blog_playground/src/lib/prisma.js": {"path":"/Users/home/Documents/dev/blog_playground/src/lib/prisma.js","statementMap":{"0":{"start":{"line":1,"column":25},"end":{"line":1,"column":50}},"1":{"start":{"line":3,"column":15},"end":{"line":3,"column":33}},"2":{"start":{"line":5,"column":0},"end":{"line":5,"column":24}}},"fnMap":{},"branchMap":{},"s":{"0":1,"1":1,"2":1},"f":{},"b":{},"_coverageSchema":"1a1c01bbd47fc00a2c39e90264f33305004495a9","hash":"845ef469c0aee96e2d20b06a34688772de96f0b4"}
,"/Users/home/Documents/dev/blog_playground/src/middleware/auth.js": {"path":"/Users/home/Documents/dev/blog_playground/src/middleware/auth.js","statementMap":{"0":{"start":{"line":1,"column":12},"end":{"line":1,"column":35}},"1":{"start":{"line":3,"column":22},"end":{"line":7,"column":1}},"2":{"start":{"line":10,"column":2},"end":{"line":10,"column":43}},"3":{"start":{"line":10,"column":32},"end":{"line":10,"column":43}},"4":{"start":{"line":11,"column":2},"end":{"line":11,"column":45}},"5":{"start":{"line":11,"column":34},"end":{"line":11,"column":45}},"6":{"start":{"line":12,"column":2},"end":{"line":14,"column":3}},"7":{"start":{"line":13,"column":15},"end":{"line":13,"column":69}},"8":{"start":{"line":18,"column":2},"end":{"line":20,"column":3}},"9":{"start":{"line":19,"column":4},"end":{"line":19,"column":17}},"10":{"start":{"line":22,"column":21},"end":{"line":22,"column":46}},"11":{"start":{"line":23,"column":2},"end":{"line":23,"column":89}},"12":{"start":{"line":23,"column":19},"end":{"line":23,"column":89}},"13":{"start":{"line":25,"column":2},"end":{"line":27,"column":3}},"14":{"start":{"line":26,"column":4},"end":{"line":26,"column":74}},"15":{"start":{"line":29,"column":2},"end":{"line":32,"column":3}},"16":{"start":{"line":30,"column":4},"end":{"line":30,"column":42}},"17":{"start":{"line":31,"column":4},"end":{"line":31,"column":69}},"18":{"start":{"line":34,"column":16},"end":{"line":34,"column":64}},"19":{"start":{"line":35,"column":2},"end":{"line":38,"column":3}},"20":{"start":{"line":36,"column":4},"end":{"line":36,"column":71}},"21":{"start":{"line":37,"column":4},"end":{"line":37,"column":68}},"22":{"start":{"line":40,"column":2},"end":{"line":48,"column":4}},"23":{"start":{"line":41,"column":4},"end":{"line":44,"column":5}},"24":{"start":{"line":42,"column":6},"end":{"line":42,"column":54}},"25":{"start":{"line":43,"column":6},"end":{"line":43,"column":80}},"26":{"start":{"line":45,"column":4},"end":{"line":45,"column":22}},"27":{"start":{"line":46,"column":4},"end":{"line":46,"column":25}},"28":{"start":{"line":47,"column":4},"end":{"line":47,"column":17}},"29":{"start":{"line":52,"column":2},"end":{"line":62,"column":3}},"30":{"start":{"line":53,"column":4},"end":{"line":55,"column":5}},"31":{"start":{"line":54,"column":6},"end":{"line":54,"column":60}},"32":{"start":{"line":57,"column":4},"end":{"line":59,"column":5}},"33":{"start":{"line":58,"column":6},"end":{"line":58,"column":76}},"34":{"start":{"line":61,"column":4},"end":{"line":61,"column":17}},"35":{"start":{"line":65,"column":0},"end":{"line":65,"column":47}}},"fnMap":{"0":{"name":"isPublic","decl":{"start":{"line":9,"column":9},"end":{"line":9,"column":17}},"loc":{"start":{"line":9,"column":23},"end":{"line":15,"column":1}},"line":9},"1":{"name":"(anonymous_1)","decl":{"start":{"line":13,"column":4},"end":{"line":13,"column":5}},"loc":{"start":{"line":13,"column":15},"end":{"line":13,"column":69}},"line":13},"2":{"name":"authenticate","decl":{"start":{"line":17,"column":9},"end":{"line":17,"column":21}},"loc":{"start":{"line":17,"column":38},"end":{"line":49,"column":1}},"line":17},"3":{"name":"(anonymous_3)","decl":{"start":{"line":40,"column":44},"end":{"line":40,"column":45}},"loc":{"start":{"line":40,"column":62},"end":{"line":48,"column":3}},"line":40},"4":{"name":"requireRoles","decl":{"start":{"line":51,"column":9},"end":{"line":51,"column":21}},"loc":{"start":{"line":51,"column":39},"end":{"line":63,"column":1}},"line":51},"5":{"name":"(anonymous_5)","decl":{"start":{"line":52,"column":9},"end":{"line":52,"column":10}},"loc":{"start":{"line":52,"column":29},"end":{"line":62,"column":3}},"line":52}},"branchMap":{"0":{"loc":{"start":{"line":10,"column":2},"end":{"line":10,"column":43}},"type":"if","locations":[{"start":{"line":10,"column":2},"end":{"line":10,"column":43}},{"start":{},"end":{}}],"line":10},"1":{"loc":{"start":{"line":11,"column":2},"end":{"line":11,"column":45}},"type":"if","locations":[{"start":{"line":11,"column":2},"end":{"line":11,"column":45}},{"start":{},"end":{}}],"line":11},"2":{"loc":{"start":{"line":13,"column":15},"end":{"line":13,"column":69}},"type":"binary-expr","locations":[{"start":{"line":13,"column":15},"end":{"line":13,"column":38}},{"start":{"line":13,"column":42},"end":{"line":13,"column":69}}],"line":13},"3":{"loc":{"start":{"line":18,"column":2},"end":{"line":20,"column":3}},"type":"if","locations":[{"start":{"line":18,"column":2},"end":{"line":20,"column":3}},{"start":{},"end":{}}],"line":18},"4":{"loc":{"start":{"line":23,"column":2},"end":{"line":23,"column":89}},"type":"if","locations":[{"start":{"line":23,"column":2},"end":{"line":23,"column":89}},{"start":{},"end":{}}],"line":23},"5":{"loc":{"start":{"line":25,"column":2},"end":{"line":27,"column":3}},"type":"if","locations":[{"start":{"line":25,"column":2},"end":{"line":27,"column":3}},{"start":{},"end":{}}],"line":25},"6":{"loc":{"start":{"line":29,"column":2},"end":{"line":32,"column":3}},"type":"if","locations":[{"start":{"line":29,"column":2},"end":{"line":32,"column":3}},{"start":{},"end":{}}],"line":29},"7":{"loc":{"start":{"line":35,"column":2},"end":{"line":38,"column":3}},"type":"if","locations":[{"start":{"line":35,"column":2},"end":{"line":38,"column":3}},{"start":{},"end":{}}],"line":35},"8":{"loc":{"start":{"line":35,"column":6},"end":{"line":35,"column":35}},"type":"binary-expr","locations":[{"start":{"line":35,"column":6},"end":{"line":35,"column":12}},{"start":{"line":35,"column":16},"end":{"line":35,"column":35}}],"line":35},"9":{"loc":{"start":{"line":41,"column":4},"end":{"line":44,"column":5}},"type":"if","locations":[{"start":{"line":41,"column":4},"end":{"line":44,"column":5}},{"start":{},"end":{}}],"line":41},"10":{"loc":{"start":{"line":53,"column":4},"end":{"line":55,"column":5}},"type":"if","locations":[{"start":{"line":53,"column":4},"end":{"line":55,"column":5}},{"start":{},"end":{}}],"line":53},"11":{"loc":{"start":{"line":53,"column":8},"end":{"line":53,"column":35}},"type":"binary-expr","locations":[{"start":{"line":53,"column":8},"end":{"line":53,"column":17}},{"start":{"line":53,"column":21},"end":{"line":53,"column":35}}],"line":53},"12":{"loc":{"start":{"line":57,"column":4},"end":{"line":59,"column":5}},"type":"if","locations":[{"start":{"line":57,"column":4},"end":{"line":59,"column":5}},{"start":{},"end":{}}],"line":57}},"s":{"0":1,"1":1,"2":0,"3":0,"4":0,"5":0,"6":0,"7":0,"8":0,"9":0,"10":0,"11":0,"12":0,"13":0,"14":0,"15":0,"16":0,"17":0,"18":0,"19":0,"20":0,"21":0,"22":0,"23":0,"24":0,"25":0,"26":0,"27":0,"28":0,"29":4,"30":0,"31":0,"32":0,"33":0,"34":0,"35":1},"f":{"0":0,"1":0,"2":0,"3":0,"4":4,"5":0},"b":{"0":[0,0],"1":[0,0],"2":[0,0],"3":[0,0],"4":[0,0],"5":[0,0],"6":[0,0],"7":[0,0],"8":[0,0],"9":[0,0],"10":[0,0],"11":[0,0],"12":[0,0]},"_coverageSchema":"1a1c01bbd47fc00a2c39e90264f33305004495a9","hash":"54cd9d8ddea222472a9eb188bbb2c3c60a6583cc"}
,"/Users/home/Documents/dev/blog_playground/src/routes/index.js": {"path":"/Users/home/Documents/dev/blog_playground/src/routes/index.js","statementMap":{"0":{"start":{"line":1,"column":16},"end":{"line":1,"column":34}},"1":{"start":{"line":2,"column":19},"end":{"line":2,"column":37}},"2":{"start":{"line":3,"column":19},"end":{"line":3,"column":37}},"3":{"start":{"line":4,"column":23},"end":{"line":4,"column":63}},"4":{"start":{"line":5,"column":21},"end":{"line":5,"column":53}},"5":{"start":{"line":7,"column":15},"end":{"line":7,"column":31}},"6":{"start":{"line":9,"column":0},"end":{"line":11,"column":3}},"7":{"start":{"line":10,"column":2},"end":{"line":10,"column":61}},"8":{"start":{"line":13,"column":0},"end":{"line":13,"column":43}},"9":{"start":{"line":15,"column":0},"end":{"line":15,"column":33}},"10":{"start":{"line":16,"column":0},"end":{"line":16,"column":33}},"11":{"start":{"line":18,"column":0},"end":{"line":18,"column":24}}},"fnMap":{"0":{"name":"(anonymous_0)","decl":{"start":{"line":9,"column":16},"end":{"line":9,"column":17}},"loc":{"start":{"line":9,"column":31},"end":{"line":11,"column":1}},"line":9}},"branchMap":{},"s":{"0":1,"1":1,"2":1,"3":1,"4":1,"5":1,"6":1,"7":0,"8":1,"9":1,"10":1,"11":1},"f":{"0":0},"b":{},"_coverageSchema":"1a1c01bbd47fc00a2c39e90264f33305004495a9","hash":"06c6113293e05c2ddf179245318841bd2c962aed"}
,"/Users/home/Documents/dev/blog_playground/src/routes/posts.js": {"path":"/Users/home/Documents/dev/blog_playground/src/routes/posts.js","statementMap":{"0":{"start":{"line":1,"column":16},"end":{"line":1,"column":34}},"1":{"start":{"line":8,"column":4},"end":{"line":8,"column":44}},"2":{"start":{"line":9,"column":21},"end":{"line":9,"column":53}},"3":{"start":{"line":10,"column":25},"end":{"line":10,"column":54}},"4":{"start":{"line":12,"column":15},"end":{"line":12,"column":31}},"5":{"start":{"line":14,"column":0},"end":{"line":14,"column":43}},"6":{"start":{"line":15,"column":0},"end":{"line":15,"column":41}},"7":{"start":{"line":16,"column":0},"end":{"line":16,"column":46}},"8":{"start":{"line":17,"column":0},"end":{"line":17,"column":68}},"9":{"start":{"line":18,"column":0},"end":{"line":18,"column":71}},"10":{"start":{"line":20,"column":0},"end":{"line":20,"column":24}}},"fnMap":{},"branchMap":{},"s":{"0":1,"1":1,"2":1,"3":1,"4":1,"5":1,"6":1,"7":1,"8":1,"9":1,"10":1},"f":{},"b":{},"_coverageSchema":"1a1c01bbd47fc00a2c39e90264f33305004495a9","hash":"a878ab1753cc7c0726da91e31071ba3e0d0290d6"}
,"/Users/home/Documents/dev/blog_playground/src/routes/users.js": {"path":"/Users/home/Documents/dev/blog_playground/src/routes/users.js","statementMap":{"0":{"start":{"line":1,"column":16},"end":{"line":1,"column":34}},"1":{"start":{"line":2,"column":57},"end":{"line":2,"column":97}},"2":{"start":{"line":3,"column":21},"end":{"line":3,"column":53}},"3":{"start":{"line":4,"column":25},"end":{"line":4,"column":54}},"4":{"start":{"line":6,"column":15},"end":{"line":6,"column":31}},"5":{"start":{"line":8,"column":0},"end":{"line":8,"column":43}},"6":{"start":{"line":9,"column":0},"end":{"line":9,"column":47}},"7":{"start":{"line":10,"column":0},"end":{"line":10,"column":69}},"8":{"start":{"line":11,"column":0},"end":{"line":11,"column":63}},"9":{"start":{"line":13,"column":0},"end":{"line":13,"column":24}}},"fnMap":{},"branchMap":{},"s":{"0":1,"1":1,"2":1,"3":1,"4":1,"5":1,"6":1,"7":1,"8":1,"9":1},"f":{},"b":{},"_coverageSchema":"1a1c01bbd47fc00a2c39e90264f33305004495a9","hash":"6d8b3b422ffbc7cffbc512c37a1c465210171925"}
,"/Users/home/Documents/dev/blog_playground/src/utils/asyncHandler.js": {"path":"/Users/home/Documents/dev/blog_playground/src/utils/asyncHandler.js","statementMap":{"0":{"start":{"line":1,"column":21},"end":{"line":2,"column":54}},"1":{"start":{"line":1,"column":34},"end":{"line":2,"column":54}},"2":{"start":{"line":2,"column":2},"end":{"line":2,"column":54}},"3":{"start":{"line":4,"column":0},"end":{"line":4,"column":30}}},"fnMap":{"0":{"name":"(anonymous_0)","decl":{"start":{"line":1,"column":21},"end":{"line":1,"column":22}},"loc":{"start":{"line":1,"column":34},"end":{"line":2,"column":54}},"line":1},"1":{"name":"(anonymous_1)","decl":{"start":{"line":1,"column":34},"end":{"line":1,"column":35}},"loc":{"start":{"line":2,"column":2},"end":{"line":2,"column":54}},"line":2}},"branchMap":{},"s":{"0":1,"1":10,"2":2,"3":1},"f":{"0":10,"1":2},"b":{},"_coverageSchema":"1a1c01bbd47fc00a2c39e90264f33305004495a9","hash":"e203e4604d17dcdddb8f1350ff0ff073636d8113"}
,"/Users/home/Documents/dev/blog_playground/src/utils/logger.js": {"path":"/Users/home/Documents/dev/blog_playground/src/utils/logger.js","statementMap":{"0":{"start":{"line":1,"column":13},"end":{"line":1,"column":28}},"1":{"start":{"line":2,"column":25},"end":{"line":2,"column":38}},"2":{"start":{"line":4,"column":22},"end":{"line":4,"column":67}},"3":{"start":{"line":7,"column":2},"end":{"line":11,"column":3}},"4":{"start":{"line":8,"column":4},"end":{"line":8,"column":35}},"5":{"start":{"line":10,"column":4},"end":{"line":10,"column":57}},"6":{"start":{"line":15,"column":20},"end":{"line":15,"column":44}},"7":{"start":{"line":16,"column":15},"end":{"line":16,"column":44}},"8":{"start":{"line":17,"column":2},"end":{"line":17,"column":24}},"9":{"start":{"line":18,"column":2},"end":{"line":18,"column":43}},"10":{"start":{"line":21,"column":0},"end":{"line":25,"column":2}}},"fnMap":{"0":{"name":"ensureLogFile","decl":{"start":{"line":6,"column":15},"end":{"line":6,"column":28}},"loc":{"start":{"line":6,"column":31},"end":{"line":12,"column":1}},"line":6},"1":{"name":"logActivity","decl":{"start":{"line":14,"column":15},"end":{"line":14,"column":26}},"loc":{"start":{"line":14,"column":36},"end":{"line":19,"column":1}},"line":14}},"branchMap":{},"s":{"0":1,"1":1,"2":1,"3":0,"4":0,"5":0,"6":0,"7":0,"8":0,"9":0,"10":1},"f":{"0":0,"1":0},"b":{},"_coverageSchema":"1a1c01bbd47fc00a2c39e90264f33305004495a9","hash":"451fea717939cd7db39ab948d1c61103bd900480"}
}
