TN:
SF:src/app.js
FN:15,(anonymous_0)
FNF:1
FNH:0
FNDA:0,(anonymous_0)
DA:1,1
DA:2,1
DA:3,1
DA:4,1
DA:5,1
DA:7,1
DA:9,1
DA:12,1
DA:13,1
DA:15,1
DA:16,0
DA:17,0
DA:20,1
LF:13
LH:11
BRF:0
BRH:0
end_of_record
TN:
SF:src/controllers/postController.js
FN:5,createPost
FN:44,listPosts
FN:54,(anonymous_2)
FN:70,getPostById
FN:99,updatePost
FN:134,deletePost
FNF:6
FNH:0
FNDA:0,createPost
FNDA:0,listPosts
FNDA:0,(anonymous_2)
FNDA:0,getPostById
FNDA:0,updatePost
FNDA:0,deletePost
DA:1,1
DA:2,1
DA:3,1
DA:6,0
DA:8,0
DA:9,0
DA:12,0
DA:13,0
DA:14,0
DA:17,0
DA:22,0
DA:23,0
DA:26,0
DA:39,0
DA:41,0
DA:45,0
DA:54,0
DA:67,0
DA:71,0
DA:72,0
DA:73,0
DA:76,0
DA:85,0
DA:86,0
DA:89,0
DA:100,0
DA:101,0
DA:102,0
DA:105,0
DA:107,0
DA:108,0
DA:111,0
DA:112,0
DA:125,0
DA:127,0
DA:128,0
DA:130,0
DA:135,0
DA:136,0
DA:137,0
DA:140,0
DA:141,0
DA:145,0
DA:147,0
DA:149,0
DA:150,0
DA:152,0
DA:156,1
LF:48
LH:4
BRDA:6,0,0,0
BRDA:6,0,1,0
BRDA:8,1,0,0
BRDA:8,1,1,0
BRDA:8,2,0,0
BRDA:8,2,1,0
BRDA:8,2,2,0
BRDA:13,3,0,0
BRDA:13,3,1,0
BRDA:22,4,0,0
BRDA:22,4,1,0
BRDA:72,5,0,0
BRDA:72,5,1,0
BRDA:85,6,0,0
BRDA:85,6,1,0
BRDA:101,7,0,0
BRDA:101,7,1,0
BRDA:105,8,0,0
BRDA:105,8,1,0
BRDA:107,9,0,0
BRDA:107,9,1,0
BRDA:107,10,0,0
BRDA:107,10,1,0
BRDA:115,11,0,0
BRDA:115,11,1,0
BRDA:116,12,0,0
BRDA:116,12,1,0
BRDA:127,13,0,0
BRDA:127,13,1,0
BRDA:127,14,0,0
BRDA:127,14,1,0
BRDA:136,15,0,0
BRDA:136,15,1,0
BRDA:149,16,0,0
BRDA:149,16,1,0
BRDA:149,17,0,0
BRDA:149,17,1,0
BRF:37
BRH:0
end_of_record
TN:
SF:src/controllers/userController.js
FN:8,createUser
FN:49,getUserById
FN:67,getUsers
FN:97,loginUser
FN:128,(anonymous_4)
FNF:5
FNH:3
FNDA:1,createUser
FNDA:0,getUserById
FNDA:0,getUsers
FNDA:1,loginUser
FNDA:1,(anonymous_4)
DA:1,1
DA:2,1
DA:3,1
DA:4,1
DA:6,1
DA:9,1
DA:11,1
DA:12,0
DA:17,1
DA:18,1
DA:19,0
DA:22,1
DA:27,1
DA:28,1
DA:34,0
DA:35,0
DA:37,0
DA:38,0
DA:41,0
DA:46,0
DA:50,0
DA:51,0
DA:52,0
DA:55,0
DA:60,0
DA:61,0
DA:64,0
DA:68,0
DA:69,0
DA:71,0
DA:75,0
DA:80,0
DA:94,0
DA:98,1
DA:100,1
DA:101,0
DA:107,1
DA:113,1
DA:114,0
DA:117,1
DA:118,1
DA:119,0
DA:122,1
DA:128,1
DA:129,1
DA:130,0
DA:131,0
DA:134,1
DA:138,1
LF:49
LH:23
BRDA:9,0,0,1
BRDA:9,0,1,0
BRDA:11,1,0,0
BRDA:11,1,1,1
BRDA:11,2,0,1
BRDA:11,2,1,1
BRDA:11,2,2,1
BRDA:17,3,0,0
BRDA:17,3,1,1
BRDA:18,4,0,0
BRDA:18,4,1,1
BRDA:27,5,0,1
BRDA:27,5,1,0
BRDA:51,6,0,0
BRDA:51,6,1,0
BRDA:60,7,0,0
BRDA:60,7,1,0
BRDA:68,8,0,0
BRDA:68,8,1,0
BRDA:69,9,0,0
BRDA:69,9,1,0
BRDA:71,10,0,0
BRDA:71,10,1,0
BRDA:72,11,0,0
BRDA:72,11,1,0
BRDA:72,11,2,0
BRDA:72,11,3,0
BRDA:72,11,4,0
BRDA:72,11,5,0
BRDA:98,12,0,1
BRDA:98,12,1,0
BRDA:100,13,0,0
BRDA:100,13,1,1
BRDA:100,14,0,1
BRDA:100,14,1,1
BRDA:113,15,0,0
BRDA:113,15,1,1
BRDA:118,16,0,0
BRDA:118,16,1,1
BRDA:129,17,0,0
BRDA:129,17,1,1
BRF:41
BRH:15
end_of_record
TN:
SF:src/lib/prisma.js
FNF:0
FNH:0
DA:1,1
DA:3,1
DA:5,1
LF:3
LH:3
BRF:0
BRH:0
end_of_record
TN:
SF:src/middleware/auth.js
FN:9,isPublic
FN:13,(anonymous_1)
FN:17,authenticate
FN:40,(anonymous_3)
FN:51,requireRoles
FN:52,(anonymous_5)
FNF:6
FNH:1
FNDA:0,isPublic
FNDA:0,(anonymous_1)
FNDA:0,authenticate
FNDA:0,(anonymous_3)
FNDA:4,requireRoles
FNDA:0,(anonymous_5)
DA:1,1
DA:3,1
DA:10,0
DA:11,0
DA:12,0
DA:13,0
DA:18,0
DA:19,0
DA:22,0
DA:23,0
DA:25,0
DA:26,0
DA:29,0
DA:30,0
DA:31,0
DA:34,0
DA:35,0
DA:36,0
DA:37,0
DA:40,0
DA:41,0
DA:42,0
DA:43,0
DA:45,0
DA:46,0
DA:47,0
DA:52,4
DA:53,0
DA:54,0
DA:57,0
DA:58,0
DA:61,0
DA:65,1
LF:33
LH:4
BRDA:10,0,0,0
BRDA:10,0,1,0
BRDA:11,1,0,0
BRDA:11,1,1,0
BRDA:13,2,0,0
BRDA:13,2,1,0
BRDA:18,3,0,0
BRDA:18,3,1,0
BRDA:23,4,0,0
BRDA:23,4,1,0
BRDA:25,5,0,0
BRDA:25,5,1,0
BRDA:29,6,0,0
BRDA:29,6,1,0
BRDA:35,7,0,0
BRDA:35,7,1,0
BRDA:35,8,0,0
BRDA:35,8,1,0
BRDA:41,9,0,0
BRDA:41,9,1,0
BRDA:53,10,0,0
BRDA:53,10,1,0
BRDA:53,11,0,0
BRDA:53,11,1,0
BRDA:57,12,0,0
BRDA:57,12,1,0
BRF:26
BRH:0
end_of_record
TN:
SF:src/routes/index.js
FN:9,(anonymous_0)
FNF:1
FNH:0
FNDA:0,(anonymous_0)
DA:1,1
DA:2,1
DA:3,1
DA:4,1
DA:5,1
DA:7,1
DA:9,1
DA:10,0
DA:13,1
DA:15,1
DA:16,1
DA:18,1
LF:12
LH:11
BRF:0
BRH:0
end_of_record
TN:
SF:src/routes/posts.js
FNF:0
FNH:0
DA:1,1
DA:8,1
DA:9,1
DA:10,1
DA:12,1
DA:14,1
DA:15,1
DA:16,1
DA:17,1
DA:18,1
DA:20,1
LF:11
LH:11
BRF:0
BRH:0
end_of_record
TN:
SF:src/routes/users.js
FNF:0
FNH:0
DA:1,1
DA:2,1
DA:3,1
DA:4,1
DA:6,1
DA:8,1
DA:9,1
DA:10,1
DA:11,1
DA:13,1
LF:10
LH:10
BRF:0
BRH:0
end_of_record
TN:
SF:src/utils/asyncHandler.js
FN:1,(anonymous_0)
FN:1,(anonymous_1)
FNF:2
FNH:2
FNDA:10,(anonymous_0)
FNDA:2,(anonymous_1)
DA:1,10
DA:2,2
DA:4,1
LF:3
LH:3
BRF:0
BRH:0
end_of_record
TN:
SF:src/utils/logger.js
FN:6,ensureLogFile
FN:14,logActivity
FNF:2
FNH:0
FNDA:0,ensureLogFile
FNDA:0,logActivity
DA:1,1
DA:2,1
DA:4,1
DA:7,0
DA:8,0
DA:10,0
DA:15,0
DA:16,0
DA:17,0
DA:18,0
DA:21,1
LF:11
LH:4
BRF:0
BRH:0
end_of_record
